android/app/build/intermediates/manifest_merge_blame_file/debug/manifest-merger-blame-debug-report.txt
1<?xml version="1.0" encoding="utf-8"?>
2<manifest xmlns:android="http://schemas.android.com/apk/res/android"
3    package="com.fahamutech.smartstock"
4    android:versionCode="19"
5    android:versionName="21.7.9-build.15" >
6
7    <uses-sdk
8        android:minSdkVersion="21"
8-->src/main/AndroidManifest.xml
9        android:targetSdkVersion="30" />
9-->src/main/AndroidManifest.xml
10    <!-- Permissions -->
11
12    <uses-permission android:name="android.permission.INTERNET" />
12-->src/main/AndroidManifest.xml:6:3-65
12-->src/main/AndroidManifest.xml:6:20-62
13
14    <application
14-->src/main/AndroidManifest.xml:8:5-46:19
15        android:allowBackup="true"
15-->src/main/AndroidManifest.xml:9:9-35
16        android:appComponentFactory="androidx.core.app.CoreComponentFactory"
16-->[androidx.core:core:1.3.2] AndroidManifest.xml:24:18-86
17        android:debuggable="true"
18        android:icon="@mipmap/ic_launcher"
18-->src/main/AndroidManifest.xml:10:9-43
19        android:label="@string/app_name"
19-->src/main/AndroidManifest.xml:11:9-41
20        android:roundIcon="@mipmap/ic_launcher_round"
20-->src/main/AndroidManifest.xml:12:9-54
21        android:supportsRtl="true"
21-->src/main/AndroidManifest.xml:13:9-35
22        android:theme="@style/AppTheme" >
22-->src/main/AndroidManifest.xml:14:9-40
23        <activity
23-->src/main/AndroidManifest.xml:16:9-35:20
24            android:name="com.fahamutech.smartstock.MainActivity"
24-->src/main/AndroidManifest.xml:18:13-66
25            android:configChanges="orientation|keyboardHidden|keyboard|screenSize|locale|smallestScreenSize|screenLayout|uiMode"
25-->src/main/AndroidManifest.xml:17:13-129
26            android:label="@string/title_activity_main"
26-->src/main/AndroidManifest.xml:19:13-56
27            android:launchMode="singleTask"
27-->src/main/AndroidManifest.xml:21:13-44
28            android:theme="@style/AppTheme.NoActionBarLaunch" >
28-->src/main/AndroidManifest.xml:20:13-62
29            <intent-filter>
29-->src/main/AndroidManifest.xml:23:13-26:29
30                <action android:name="android.intent.action.MAIN" />
30-->src/main/AndroidManifest.xml:24:17-69
30-->src/main/AndroidManifest.xml:24:25-66
31
32                <category android:name="android.intent.category.LAUNCHER" />
32-->src/main/AndroidManifest.xml:25:17-77
32-->src/main/AndroidManifest.xml:25:27-74
33            </intent-filter>
34            <intent-filter>
34-->src/main/AndroidManifest.xml:28:11-33:27
35                <action android:name="android.intent.action.VIEW" />
35-->src/main/AndroidManifest.xml:29:13-65
35-->src/main/AndroidManifest.xml:29:21-62
36
37                <category android:name="android.intent.category.DEFAULT" />
37-->src/main/AndroidManifest.xml:30:13-72
37-->src/main/AndroidManifest.xml:30:23-69
38                <category android:name="android.intent.category.BROWSABLE" />
38-->src/main/AndroidManifest.xml:31:13-74
38-->src/main/AndroidManifest.xml:31:23-71
39
40                <data android:scheme="@string/custom_url_scheme" />
40-->src/main/AndroidManifest.xml:32:13-64
40-->src/main/AndroidManifest.xml:32:19-61
41            </intent-filter>
42        </activity>
43
44        <provider
45            android:name="androidx.core.content.FileProvider"
45-->src/main/AndroidManifest.xml:38:13-62
46            android:authorities="com.fahamutech.smartstock.fileprovider"
46-->src/main/AndroidManifest.xml:39:13-64
47            android:exported="false"
47-->src/main/AndroidManifest.xml:40:13-37
48            android:grantUriPermissions="true" >
48-->src/main/AndroidManifest.xml:41:13-47
49            <meta-data
49-->src/main/AndroidManifest.xml:42:11-44:50
50                android:name="android.support.FILE_PROVIDER_PATHS"
50-->src/main/AndroidManifest.xml:43:13-63
51                android:resource="@xml/file_paths" />
51-->src/main/AndroidManifest.xml:44:13-47
52        </provider>
53    </application>
54
55</manifest>